2025-01-30 22:03:32.131 | INFO     | __main__:main:406 - Starting comment analysis
2025-01-30 22:03:32.132 | INFO     | __main__:main:417 - Processing file: comments/hespress.txt
2025-01-30 22:03:32.133 | INFO     | __main__:analyze_comments:385 - Content size (50478 chars) exceeds limit, splitting into chunks
2025-01-30 22:03:32.134 | INFO     | __main__:analyze_comments:394 - Split content into 9 chunks
2025-01-30 22:03:32.134 | INFO     | __main__:analyze_comments:398 - Processing chunk 1/9
2025-01-30 22:03:32.135 | INFO     | __main__:analyze_chunk:39 - Analyzing chunk of size 5901 characters
2025-01-30 22:03:45.521 | INFO     | helpers:extract_json:18 - ```json
{
  "comments": [
    {
      "text": "الله يرزقنا بشي نسيب يغرف و يعطينا و يحش و يجيب لينا الواحد هوا اللي يتهلا فنسيبو و يجيب ليه حتا لفمو مسگية ملگمة",
      "language": "Arabic_Dialect"
    },
    {
      "text": "أصهار وأصدقاء أخنوش لهم يد طويلة في قطاع الأدوية، لذالك لا نترجى خيرا في المستقبل القريب..",
      "language": "Arabic"
    },
    {
      "text": "سيرو غير ل سبيطار ديال لحومة و شوفو العدالة ديال دوية خاصة ديال الأمراض العقلية، فينما نمشيو نجيبو دوا يقولو ليك ما كاينش، درنا شكاية ف سيت ديال شكايات والو تا حاجة كا كاينا.",
      "language": "Arabic_Dialect"
    },
    {
      "text": "نحن نثق في قدرة الحكومة على إدارة الشؤون الحكومية بطريقة فعالة وشفافة، ونأمل أن يكون لديها القدرة على تحقيق التغيير الإيجابي الذي يطمح إليه الشعب",
      "language": "Arabic"
    },
    {
      "text": "لا يمكننا أن ننكر بأن الحكومة الحالية منذ تنصيبها وهي تقوم بمجهودات جبارة من أجل الارتقئ بالمنظومة الصحية بصفة عامة إلى مستوى انتظارات المغاربة ولكن نتائج هذه المجهودات لا تزال ضعيفة على أرض الواقع.",
      "language": "Arabic"
    },
    {
      "text": "من الجيد أن نرى تكامل بين أعضاء الحكومة في تنفيذ برنامجها الحكومي، ونأمل أن يستمر هذا التعاون لتحقيق أهداف مستقبلية أكثر تطلعاً",
      "language": "Arabic"
    },
    {
      "text": "المشكل الحقيقي الذي كانت تعاني منه المنظومة الصحية هو غياب المواد و المستلزمات الطبية اللازمة لحفظ صحة الأشخاص و ضعف الجادبية للمستشفيات و جادبية القطاع العمومي للاطر و الاطباء لكن اليوم بفضل هذه الاتفاقية ستساهم في تحسين جودة الخدمات الصحية",
      "language": "Arabic"
    },
    {
      "text": "ببحال هاذ الاجراءات غادي يكون عندنا قطاع صحي جيد ويليق بالمغاربة وكنتمناو من الحكومة المغربية تستمر على هاذ نهج حيت هاذ القطاع عان بزااف من الاصلاحات الترقيعية مع الحكومات السابقة",
      "language": "Arabic_Dialect"
    },
    {
      "text": "نتمنى للحكومة التوفيق والنجاح في مساعيها لتحقيق التغيير الإيجابي وتحسين حياة المواطنين",
      "language": "Arabic"
    },
    {
      "text": "الحمد الله بفضل هذا الاتفاقيات سيتم ضمان تواجد الاطباء داخل المستشفيات",
      "language": "Arabic"
    },
    {
      "text": "اليوم توجهات الاستراتيجية للمنظومة الصحية هي توجهات قوية ولكن غادي يخصها الوقت باش تحقق نهضة فالقطاع صحي ببلادنا حيث هاذ القطاع يعيش مجموعة من المشاكل والاختلالات بسبب الاصلاحات الترقيعية اللي شهدها فسنوات الأخيرة.",
      "language": "Arabic_Dialect"
    },
    {
      "text": "إن الجهود المبذولة من قبل الحكومة تستحق الإشادة والتقدير، ونأمل أن تستمر في تحسين الأوضاع وتحقيق التقدم الذي تعده للشعب",
      "language": "Arabic"
    },
    {
      "text": "التوجه اللي خدمات بيه الحكومة هو تسريع القوانين اللي كتهم التغطية الاجتماعية حيث هو ورش ملكي مهم من اجل تشجيع الاطر الطبية على تقديم الخدمات داخل المستشفيات",
      "language": "Arabic_Dialect"
    },
    {
      "text": "السياسة الحكومية للنهوض بالمنظومة الصحية تسيير في الطريق الصحيح وإلا ستمرت على هاذ نهج غادي يكون ليها وقع ايجابي على المنظومة.",
      "language": "Arabic_Dialect"
    },
    {
      "text": "يجب على الحكومة التركيز على حقوقنا حنا كشعب وضمان توفير بيئة آمنة وعادلة لجميع المواطنين",
      "language": "Arabic_Dialect"
    },
    {
      "text": "الحل اليوم كاين عند الحكومة لانها فعلن المنظمة ديال الصحة خصها برنامج واقعي و الحكومة اليوم كتعطي حلول واقعية",
      "language": "Arabic_Dialect"
    },
    {
      "text": "المنظومة الصحية بالمغرب بصفة عامة تشهد واحد طفرة نوعية مع الحكومة المغربية الحالية إما من قبل كانت دائما كتعيش على واقع الاصلاحات الترقيعية لا أقل ولا أكثر",
      "language": "Arabic_Dialect"
    },
    {
      "text": "من الجيد أن نرى الحكومة تعمل بتعاون وتناغم لتحقيق أهدافها، ونأمل أن يكون لهذا تأثير إيجابي على حياة المواطنين",
      "language": "Arabic"
    },
    {
      "text": "الحمدلله الحكومة خدمة على القطاع الصحي في بلادنا لانه كان كيعاني من مشاكل كبيرة في الولايات الحكومية السابقة بسبب عدم الاهتمام بهاد القطاع",
      "language": "Arabic_Dialect"
    },
    {
      "text": "المنظومة الصحية بالمغرب بصفة عامة تحتاج إلى اصلاح جذري لأن هذا القطاع الحيوي عان لسنوات من السياسات الترقيعية التي تسببت في المشاكل التي يواجهها القطاع اليوم.",
      "language": "Arabic"
    },
    {
      "text": "لا شك أن التحديات التي تواجهها الحكومة كبيرة، ولكننا نثق في قدرتها على التصدي لها وتحقيق التقدم المطلوب",
      "language": "Arabic"
    }
  ]
}
```

2025-01-30 22:03:45.522 | INFO     | helpers:extract_json:30 - {
  "comments": [
    {
      "text": "الله يرزقنا بشي نسيب يغرف و يعطينا و يحش و يجيب لينا الواحد هوا اللي يتهلا فنسيبو و يجيب ليه حتا لفمو مسگية ملگمة",
      "language": "Arabic_Dialect"
    },
    {
      "text": "أصهار وأصدقاء أخنوش لهم يد طويلة في قطاع الأدوية، لذالك لا نترجى خيرا في المستقبل القريب..",
      "language": "Arabic"
    },
    {
      "text": "سيرو غير ل سبيطار ديال لحومة و شوفو العدالة ديال دوية خاصة ديال الأمراض العقلية، فينما نمشيو نجيبو دوا يقولو ليك ما كاينش، درنا شكاية ف سيت ديال شكايات والو تا حاجة كا كاينا.",
      "language": "Arabic_Dialect"
    },
    {
      "text": "نحن نثق في قدرة الحكومة على إدارة الشؤون الحكومية بطريقة فعالة وشفافة، ونأمل أن يكون لديها القدرة على تحقيق التغيير الإيجابي الذي يطمح إليه الشعب",
      "language": "Arabic"
    },
    {
      "text": "لا يمكننا أن ننكر بأن الحكومة الحالية منذ تنصيبها وهي تقوم بمجهودات جبارة من أجل الارتقئ بالمنظومة الصحية بصفة عامة إلى مستوى انتظارات المغاربة ولكن نتائج هذه المجهودات لا تزال ضعيفة على أرض الواقع.",
      "language": "Arabic"
    },
    {
      "text": "من الجيد أن نرى تكامل بين أعضاء الحكومة في تنفيذ برنامجها الحكومي، ونأمل أن يستمر هذا التعاون لتحقيق أهداف مستقبلية أكثر تطلعاً",
      "language": "Arabic"
    },
    {
      "text": "المشكل الحقيقي الذي كانت تعاني منه المنظومة الصحية هو غياب المواد و المستلزمات الطبية اللازمة لحفظ صحة الأشخاص و ضعف الجادبية للمستشفيات و جادبية القطاع العمومي للاطر و الاطباء لكن اليوم بفضل هذه الاتفاقية ستساهم في تحسين جودة الخدمات الصحية",
      "language": "Arabic"
    },
    {
      "text": "ببحال هاذ الاجراءات غادي يكون عندنا قطاع صحي جيد ويليق بالمغاربة وكنتمناو من الحكومة المغربية تستمر على هاذ نهج حيت هاذ القطاع عان بزااف من الاصلاحات الترقيعية مع الحكومات السابقة",
      "language": "Arabic_Dialect"
    },
    {
      "text": "نتمنى للحكومة التوفيق والنجاح في مساعيها لتحقيق التغيير الإيجابي وتحسين حياة المواطنين",
      "language": "Arabic"
    },
    {
      "text": "الحمد الله بفضل هذا الاتفاقيات سيتم ضمان تواجد الاطباء داخل المستشفيات",
      "language": "Arabic"
    },
    {
      "text": "اليوم توجهات الاستراتيجية للمنظومة الصحية هي توجهات قوية ولكن غادي يخصها الوقت باش تحقق نهضة فالقطاع صحي ببلادنا حيث هاذ القطاع يعيش مجموعة من المشاكل والاختلالات بسبب الاصلاحات الترقيعية اللي شهدها فسنوات الأخيرة.",
      "language": "Arabic_Dialect"
    },
    {
      "text": "إن الجهود المبذولة من قبل الحكومة تستحق الإشادة والتقدير، ونأمل أن تستمر في تحسين الأوضاع وتحقيق التقدم الذي تعده للشعب",
      "language": "Arabic"
    },
    {
      "text": "التوجه اللي خدمات بيه الحكومة هو تسريع القوانين اللي كتهم التغطية الاجتماعية حيث هو ورش ملكي مهم من اجل تشجيع الاطر الطبية على تقديم الخدمات داخل المستشفيات",
      "language": "Arabic_Dialect"
    },
    {
      "text": "السياسة الحكومية للنهوض بالمنظومة الصحية تسيير في الطريق الصحيح وإلا ستمرت على هاذ نهج غادي يكون ليها وقع ايجابي على المنظومة.",
      "language": "Arabic_Dialect"
    },
    {
      "text": "يجب على الحكومة التركيز على حقوقنا حنا كشعب وضمان توفير بيئة آمنة وعادلة لجميع المواطنين",
      "language": "Arabic_Dialect"
    },
    {
      "text": "الحل اليوم كاين عند الحكومة لانها فعلن المنظمة ديال الصحة خصها برنامج واقعي و الحكومة اليوم كتعطي حلول واقعية",
      "language": "Arabic_Dialect"
    },
    {
      "text": "المنظومة الصحية بالمغرب بصفة عامة تشهد واحد طفرة نوعية مع الحكومة المغربية الحالية إما من قبل كانت دائما كتعيش على واقع الاصلاحات الترقيعية لا أقل ولا أكثر",
      "language": "Arabic_Dialect"
    },
    {
      "text": "من الجيد أن نرى الحكومة تعمل بتعاون وتناغم لتحقيق أهدافها، ونأمل أن يكون لهذا تأثير إيجابي على حياة المواطنين",
      "language": "Arabic"
    },
    {
      "text": "الحمدلله الحكومة خدمة على القطاع الصحي في بلادنا لانه كان كيعاني من مشاكل كبيرة في الولايات الحكومية السابقة بسبب عدم الاهتمام بهاد القطاع",
      "language": "Arabic_Dialect"
    },
    {
      "text": "المنظومة الصحية بالمغرب بصفة عامة تحتاج إلى اصلاح جذري لأن هذا القطاع الحيوي عان لسنوات من السياسات الترقيعية التي تسببت في المشاكل التي يواجهها القطاع اليوم.",
      "language": "Arabic"
    },
    {
      "text": "لا شك أن التحديات التي تواجهها الحكومة كبيرة، ولكننا نثق في قدرتها على التصدي لها وتحقيق التقدم المطلوب",
      "language": "Arabic"
    }
  ]
}
2025-01-30 22:03:45.522 | INFO     | __main__:analyze_chunk:63 - Successfully analyzed chunk, found 21 comments
2025-01-30 22:03:45.523 | INFO     | __main__:analyze_comments:398 - Processing chunk 2/9
2025-01-30 22:03:45.523 | INFO     | __main__:analyze_chunk:39 - Analyzing chunk of size 5773 characters
2025-01-30 22:03:59.383 | INFO     | helpers:extract_json:18 - ```json
{
  "comments": [
    {
      "text": "بفضل الحكومة اليوم الموطن المغربي غدي تكون عندو بطاقة الرعاية هي الحل باش الاسرة المغربية تتبع مع الطبيب ديالها و اكون عندها تقرير شامل على الصحة ديالها",
      "language": "Arabic_Dialect"
    },
    {
      "text": "التوجهات العامة للاستراتيجية الصحية الجديدة غادي تساهم بلا شك فتغيير الوضع الكارثي اللي كتعيشو المنظومة الصحية فبلادنا فهاذ عشرين سنة الأخيرة.",
      "language": "Arabic_Dialect"
    },
    {
      "text": "من الرائع أن نرى الحكومة تعمل على تحسين القطاعات الاقتصادية والاجتماعية، ونتطلع إلى رؤية نتائج إيجابية في هذا الصدد",
      "language": "Arabic"
    },
    {
      "text": "هدا المشروع أخد مسارا صحيحا بحيث الحماية الاجتماعية تقوم على مبدأ التضامن",
      "language": "Arabic_Dialect"
    },
    {
      "text": "بهاذ الاجراءات اللي كتخدها الحكومة المغربية الحالية على مستوى قطاع الصحة يمكن نقولو بلي عندها رغبة تصلح هاذ القطاع وترتقي به للمستوى اللي كيطلب به كل مواطن مغربي حر.",
      "language": "Arabic_Dialect"
    },
    {
      "text": "مشروع ملكي ماض في الاتجاه الصحيح ، بحيث تضمن للمستفيدين فضلا عن التغطية الصحية والتعويضات العائلية والمعاش",
      "language": "Arabic"
    },
    {
      "text": "مشروع هداف و مثمر بحيث سيتم الاستفادة منه أصحاب المحلات التجارية و جميع المهنين و الحرفيين ..",
      "language": "Arabic"
    },
    {
      "text": "اصلاح المنظومة الصحية فبلادنا مرتبط بمدى قدرة الحكومة المغربية فتنزيل التوجهات العامة للاستراتيجية الصحية الجديدة على أرض الواقع.",
      "language": "Arabic_Dialect"
    },
    {
      "text": "أصبحت لنا منظومة صحية متكاملة بفضل مشروع ملكنا سيتم الرفع من جودة التغطية الصحية",
      "language": "Arabic"
    },
    {
      "text": "لا أحد يمكنه أن ينكر بأن الحكومة المغربية قامت بمجموعة من التدخلات من أجل النهوض بالقطاع الصحي ببلادنا ولكن تظل هذه المجهودات غير كافية بالمقارنة مع حجم الاشكاليات التي يعيشها القطاع ومعاناة المواطن معه.",
      "language": "Arabic"
    },
    {
      "text": "بفضل جلالة محمد السادس نصره الله تم تنزيل ورش تعميم الحماية الاجتماعية غدي تكون تغطية صحية لجميع المغاربة",
      "language": "Arabic_Dialect"
    },
    {
      "text": "هذا البرنامج سيرفاع من عدد مهني الصحة و تيسير ولوج المواطنين الى الخدمات الصحية و تحسين جودتها",
      "language": "Arabic"
    },
    {
      "text": "الحكومة ماضية في الاتجاه الصحيح يسعى لخلق الحلول الناجعة و الهدف واحد",
      "language": "Arabic"
    },
    {
      "text": "الحكومة الحالية إيجابية وواعدة بالتقدم في مسار خدمة المواطن وتعزيز مناخ الثقة",
      "language": "Arabic"
    },
    {
      "text": "لا يمكننا نكران ان الحكومة تشتغل على خلق مجلس الأمن الطاقي من أجل التتبع الدقيق للوضعية الطاقية في البلاد في كل المجالات",
      "language": "Arabic_Dialect"
    },
    {
      "text": "الحكومة الحالية تبرز إرادة سياسية إصلاحية قوية تتمثل على الخصوص في مواصلة الإصلاحات ، والتفاعل مع عدد من التحديات المستجدة والمطالب الجديدة",
      "language": "Arabic"
    },
    {
      "text": "مند مدة ودواء الفطريات daktarin 2% مختفي تماماً من الصيدليات مما يهدد حياة الصغار والكبار مع العلم أن لا دواء موجود بالمغرب قادر على القضاء على هذا النوع من المرض",
      "language": "Arabic_Dialect"
    },
    {
      "text": "الحكومة الحالية لديها تحديات كبيرة جاءت في ضرفية صعبة جدا ،رغم هذا الا انها استطاعت إطلاق العديد من البرامج المهمة كلها تصب في مصلحة الوطن لم تستطع الحكومات السابقة القيام بها وهذا يدل على عزمها لخدمة الوطن والمواطن و من اجل تجاوز كل الصعاب عليها ابدال مجهود مضاعف للتصدي لهذه الازمات",
      "language": "Arabic"
    },
    {
      "text": "وضعنا تقنتنا في الحكومة من اجل التغيير وخدمة مصالح بلادنا وهدا يتحقق مع العمل المتواصل وهدا بدا يضهر على ارض الواقع على الحكومة ابدال المزيد من الجهد وتكون لديها نظرة مستقبلية وشمولية",
      "language": "Arabic_Dialect"
    },
    {
      "text": "مصلحة الوطن تستعي من الحكومة العزم لتصدي كل هذه الازمات رغم اننا نعرف صعوبة الضرفية الا انها قادرة على تجاوز الصعاب وتحقيق المصلحة العامة للوطن",
      "language": "Arabic_Dialect"
    },
    {
      "text": "رغم كل الانتقادات الا ان هذه الحكومة استطاعت تجاوز كل الصعاب والاشتغال باستراتيجية محكمة وهذا الشي الدي يميزها عن باقي الحكومات السابقة",
      "language": "Arabic_Dialect"
    },
    {
      "text": "نحن كمغاربة ننتظر من هده الحكومة المزيد من الإصلاحات في جميع المجالات التي تخص بلادنا ونحن على تقة انها ستعمل بكل جدية لتحقيق دالك",
      "language": "Arabic_Dialect"
    },
    {
      "text": "نحن على تقة بحكومتنا انها ستعمل بكل جدية من اجل تجاوز كل الصعاب ،رغم كل هذا الانتقادات التي تتعرض لها الانها افضل حكومة قامت بانجازات كثيرة في ضل كل هذه الازمات",
      "language": "Arabic_Dialect"
    },
    {
      "text": "رغم هذه الضرفية الصعبة وتوالي الازمات الا ان الحكومة برهنت على الجدية ديلها لتجاوز كل هذه الصعوبات يلزمها فقط المزيد من الاشتغال",
      "language": "Arabic_Dialect"
    },
    {
      "text": "الحكومة اليوم أمام تحدي كبير عليها مضاعفة جهودها من اجل تجاوز كل المشاكل التي تلحق ببلادنا",
      "language": "Arabic"
    }
  ]
}
```

2025-01-30 22:03:59.384 | INFO     | helpers:extract_json:30 - {
  "comments": [
    {
      "text": "بفضل الحكومة اليوم الموطن المغربي غدي تكون عندو بطاقة الرعاية هي الحل باش الاسرة المغربية تتبع مع الطبيب ديالها و اكون عندها تقرير شامل على الصحة ديالها",
      "language": "Arabic_Dialect"
    },
    {
      "text": "التوجهات العامة للاستراتيجية الصحية الجديدة غادي تساهم بلا شك فتغيير الوضع الكارثي اللي كتعيشو المنظومة الصحية فبلادنا فهاذ عشرين سنة الأخيرة.",
      "language": "Arabic_Dialect"
    },
    {
      "text": "من الرائع أن نرى الحكومة تعمل على تحسين القطاعات الاقتصادية والاجتماعية، ونتطلع إلى رؤية نتائج إيجابية في هذا الصدد",
      "language": "Arabic"
    },
    {
      "text": "هدا المشروع أخد مسارا صحيحا بحيث الحماية الاجتماعية تقوم على مبدأ التضامن",
      "language": "Arabic_Dialect"
    },
    {
      "text": "بهاذ الاجراءات اللي كتخدها الحكومة المغربية الحالية على مستوى قطاع الصحة يمكن نقولو بلي عندها رغبة تصلح هاذ القطاع وترتقي به للمستوى اللي كيطلب به كل مواطن مغربي حر.",
      "language": "Arabic_Dialect"
    },
    {
      "text": "مشروع ملكي ماض في الاتجاه الصحيح ، بحيث تضمن للمستفيدين فضلا عن التغطية الصحية والتعويضات العائلية والمعاش",
      "language": "Arabic"
    },
    {
      "text": "مشروع هداف و مثمر بحيث سيتم الاستفادة منه أصحاب المحلات التجارية و جميع المهنين و الحرفيين ..",
      "language": "Arabic"
    },
    {
      "text": "اصلاح المنظومة الصحية فبلادنا مرتبط بمدى قدرة الحكومة المغربية فتنزيل التوجهات العامة للاستراتيجية الصحية الجديدة على أرض الواقع.",
      "language": "Arabic_Dialect"
    },
    {
      "text": "أصبحت لنا منظومة صحية متكاملة بفضل مشروع ملكنا سيتم الرفع من جودة التغطية الصحية",
      "language": "Arabic"
    },
    {
      "text": "لا أحد يمكنه أن ينكر بأن الحكومة المغربية قامت بمجموعة من التدخلات من أجل النهوض بالقطاع الصحي ببلادنا ولكن تظل هذه المجهودات غير كافية بالمقارنة مع حجم الاشكاليات التي يعيشها القطاع ومعاناة المواطن معه.",
      "language": "Arabic"
    },
    {
      "text": "بفضل جلالة محمد السادس نصره الله تم تنزيل ورش تعميم الحماية الاجتماعية غدي تكون تغطية صحية لجميع المغاربة",
      "language": "Arabic_Dialect"
    },
    {
      "text": "هذا البرنامج سيرفاع من عدد مهني الصحة و تيسير ولوج المواطنين الى الخدمات الصحية و تحسين جودتها",
      "language": "Arabic"
    },
    {
      "text": "الحكومة ماضية في الاتجاه الصحيح يسعى لخلق الحلول الناجعة و الهدف واحد",
      "language": "Arabic"
    },
    {
      "text": "الحكومة الحالية إيجابية وواعدة بالتقدم في مسار خدمة المواطن وتعزيز مناخ الثقة",
      "language": "Arabic"
    },
    {
      "text": "لا يمكننا نكران ان الحكومة تشتغل على خلق مجلس الأمن الطاقي من أجل التتبع الدقيق للوضعية الطاقية في البلاد في كل المجالات",
      "language": "Arabic_Dialect"
    },
    {
      "text": "الحكومة الحالية تبرز إرادة سياسية إصلاحية قوية تتمثل على الخصوص في مواصلة الإصلاحات ، والتفاعل مع عدد من التحديات المستجدة والمطالب الجديدة",
      "language": "Arabic"
    },
    {
      "text": "مند مدة ودواء الفطريات daktarin 2% مختفي تماماً من الصيدليات مما يهدد حياة الصغار والكبار مع العلم أن لا دواء موجود بالمغرب قادر على القضاء على هذا النوع من المرض",
      "language": "Arabic_Dialect"
    },
    {
      "text": "الحكومة الحالية لديها تحديات كبيرة جاءت في ضرفية صعبة جدا ،رغم هذا الا انها استطاعت إطلاق العديد من البرامج المهمة كلها تصب في مصلحة الوطن لم تستطع الحكومات السابقة القيام بها وهذا يدل على عزمها لخدمة الوطن والمواطن و من اجل تجاوز كل الصعاب عليها ابدال مجهود مضاعف للتصدي لهذه الازمات",
      "language": "Arabic"
    },
    {
      "text": "وضعنا تقنتنا في الحكومة من اجل التغيير وخدمة مصالح بلادنا وهدا يتحقق مع العمل المتواصل وهدا بدا يضهر على ارض الواقع على الحكومة ابدال المزيد من الجهد وتكون لديها نظرة مستقبلية وشمولية",
      "language": "Arabic_Dialect"
    },
    {
      "text": "مصلحة الوطن تستعي من الحكومة العزم لتصدي كل هذه الازمات رغم اننا نعرف صعوبة الضرفية الا انها قادرة على تجاوز الصعاب وتحقيق المصلحة العامة للوطن",
      "language": "Arabic_Dialect"
    },
    {
      "text": "رغم كل الانتقادات الا ان هذه الحكومة استطاعت تجاوز كل الصعاب والاشتغال باستراتيجية محكمة وهذا الشي الدي يميزها عن باقي الحكومات السابقة",
      "language": "Arabic_Dialect"
    },
    {
      "text": "نحن كمغاربة ننتظر من هده الحكومة المزيد من الإصلاحات في جميع المجالات التي تخص بلادنا ونحن على تقة انها ستعمل بكل جدية لتحقيق دالك",
      "language": "Arabic_Dialect"
    },
    {
      "text": "نحن على تقة بحكومتنا انها ستعمل بكل جدية من اجل تجاوز كل الصعاب ،رغم كل هذا الانتقادات التي تتعرض لها الانها افضل حكومة قامت بانجازات كثيرة في ضل كل هذه الازمات",
      "language": "Arabic_Dialect"
    },
    {
      "text": "رغم هذه الضرفية الصعبة وتوالي الازمات الا ان الحكومة برهنت على الجدية ديلها لتجاوز كل هذه الصعوبات يلزمها فقط المزيد من الاشتغال",
      "language": "Arabic_Dialect"
    },
    {
      "text": "الحكومة اليوم أمام تحدي كبير عليها مضاعفة جهودها من اجل تجاوز كل المشاكل التي تلحق ببلادنا",
      "language": "Arabic"
    }
  ]
}
2025-01-30 22:03:59.385 | INFO     | __main__:analyze_chunk:63 - Successfully analyzed chunk, found 25 comments
2025-01-30 22:03:59.385 | INFO     | __main__:analyze_comments:398 - Processing chunk 3/9
2025-01-30 22:03:59.385 | INFO     | __main__:analyze_chunk:39 - Analyzing chunk of size 5785 characters
